[0mGET / [36m304[0m 25.124 ms - -[0m
[0mGET /css/layout.css [33m404[0m 35.158 ms - 153[0m
[0mGET /css/header.css [33m404[0m 39.021 ms - 153[0m
[0mGET /css/footer.css [33m404[0m 33.761 ms - 153[0m
[0mGET / [36m304[0m 14.411 ms - -[0m
[0mGET /css/header.css [33m404[0m 19.714 ms - 153[0m
[0mGET /css/footer.css [33m404[0m 21.577 ms - 153[0m
[0mGET /css/layout.css [33m404[0m 17.471 ms - 153[0m
[0mGET /profile/66519838676be625acc861b0 [36m304[0m 15.878 ms - -[0m
[0mGET /css/layout.css [33m404[0m 20.521 ms - 153[0m
[0mGET /css/footer.css [33m404[0m 17.831 ms - 153[0m
[0mGET /css/header.css [33m404[0m 17.379 ms - 153[0m
[0mGET /profile/js/home_post.js [33m404[0m 10.660 ms - 162[0m
[0mGET /profile/js/chat_box.js [33m404[0m 15.948 ms - 161[0m
[0mGET /profile/js/home_comment.js [33m404[0m 17.248 ms - 165[0m
[0mGET /profile/js/chat_engine.js [33m404[0m 22.880 ms - 164[0m
[0mGET /profile/66519838676be625acc861b0 [36m304[0m 8.261 ms - -[0m
[0mGET /css/layout.css [33m404[0m 14.974 ms - 153[0m
[0mGET /css/header.css [33m404[0m 16.396 ms - 153[0m
[0mGET /css/footer.css [33m404[0m 13.827 ms - 153[0m
[0mGET /profile/js/home_post.js [33m404[0m 9.794 ms - 162[0m
[0mGET /profile/js/chat_box.js [33m404[0m 11.318 ms - 161[0m
[0mGET /profile/js/home_comment.js [33m404[0m 11.545 ms - 165[0m
[0mGET /profile/js/chat_engine.js [33m404[0m 10.760 ms - 164[0m
[0mGET /profile/66519838676be625acc861b0 [36m304[0m 12.535 ms - -[0m
[0mGET /css/layout.css [33m404[0m 17.057 ms - 153[0m
[0mGET /css/footer.css [33m404[0m 17.934 ms - 153[0m
[0mGET /css/header.css [33m404[0m 21.002 ms - 153[0m
[0mGET /profile/js/chat_box.js [33m404[0m 10.615 ms - 161[0m
[0mGET /profile/js/home_post.js [33m404[0m 14.567 ms - 162[0m
[0mGET /profile/js/chat_engine.js [33m404[0m 11.949 ms - 164[0m
[0mGET /profile/js/home_comment.js [33m404[0m 11.941 ms - 165[0m
[0mPOST /update/66519838676be625acc861b0 [36m302[0m 13.978 ms - 46[0m
[0mGET / [36m304[0m 12.779 ms - -[0m
[0mGET /css/layout.css [33m404[0m 17.110 ms - 153[0m
[0mGET /css/header.css [33m404[0m 18.670 ms - 153[0m
[0mGET /css/footer.css [33m404[0m 16.575 ms - 153[0m
